<?xml version="1.0" encoding="UTF-8"?>
<!-- Generated by org.testng.reporters.JUnitReportReporter -->
<testsuite hostname="SUBHODEEP-PC" name="com.googlerestapi.com.rest.GetStatusCodeTest" tests="2" failures="0" timestamp="17 Dec 2018 04:13:08 GMT" time="5.393" errors="0">
  <testcase name="testStatusCode" time="3.403" classname="com.googlerestapi.com.rest.GetStatusCodeTest"/>
  <testcase name="testStatusCodeRestAssured" time="1.990" classname="com.googlerestapi.com.rest.GetStatusCodeTest"/>
</testsuite> <!-- com.googlerestapi.com.rest.GetStatusCodeTest -->
